This network, information about its components and information systems within it are CONFIDENTIAL to Australia and New Zealand Banking Group Limited ACN 005 357 522 (ANZ). Access to or use of this network by unauthorised people (including by 
NZ subsidiaries and their personnel) or for any other unauthorised purpose is STRICTLY PROHIBITED. This Router records and logs user IP addresses.
ANZBGS10-IR01#
ANZBGS10-IR01#
ANZBGS10-IR01#
ANZBGS10-IR01#
ANZBGS10-IR01#
ANZBGS10-IR01#
ANZBGS10-IR01#
ANZBGS10-IR01#
ANZBGS10-IR01#ter
ANZBGS10-IR01#terminal l
ANZBGS10-IR01#terminal len
ANZBGS10-IR01#terminal length 0
ANZBGS10-IR01#show run
ANZBGS10-IR01#show running-config 
Building configuration...

Current configuration : 19091 bytes
!
! Last configuration change at 15:55:40 NZST Tue Aug 22 2023 by vmanage-admin
!
version 17.6
service tcp-keepalives-in
service tcp-keepalives-out
service timestamps debug datetime msec
service timestamps log datetime msec localtime show-timezone
service password-encryption
service call-home
platform qfp utilization monitor load 80
platform punt-keepalive disable-kernel-core
!
hostname ANZBGS10-IR01
!
boot-start-marker
boot-end-marker
!
!
vrf definition 10
 rd 1:10
 !
 address-family ipv4
  route-target export 1:10
  route-target import 1:10
 exit-address-family
 !
 address-family ipv6
 exit-address-family
!
vrf definition 65528
 !
 address-family ipv4
 exit-address-family
!
vrf definition Mgmt-intf
 description Management VPN 512
 rd 1:512
 !
 address-family ipv4
  route-target export 1:512
  route-target import 1:512
 exit-address-family
 !
 address-family ipv6
 exit-address-family
!
logging buffered 512000
logging persistent size 104857600 filesize 10485760
no logging console
no logging monitor
!
aaa new-model
!
!
aaa group server tacacs+ tacacs-10
 server-private 10.100.3.71 key 6 Sa[ZGD^idCd^PK_SKRObMVW_d_DWPVQ]VASBQSO
 server-private 10.100.131.71 key 6 baCWAhMMMEcJDdfMPRC^[AKKKNBCaIbYgH^hRCN
 ip vrf forwarding 10
 ip tacacs source-interface Loopback0
!
aaa authentication login default group tacacs-10 local
aaa authorization exec default group tacacs-10 local 
!
!
!
!
!
aaa server radius dynamic-author
!
aaa session-id common
clock timezone NZST 12 0
clock summer-time nzdt recurring last Sun Sep 2:00 1 Sun Apr 3:00
fhrp version vrrp v3
ip arp proxy disable
!
!
!
!
!
!
!
ip host nz-corpmgmt-vbd 210.55.246.166 210.55.246.181
no ip domain lookup
ip domain name net.anznb.co.nz
ip cef load-sharing algorithm include-ports source destination
no ip dhcp use class
!
!
!
login on-success log
ipv6 unicast-routing
ipv6 cef load-sharing algorithm include-ports source destination
!
!
!
!
!
!
!
subscriber templating
! 
! 
! 
! 
!
!
multilink bundle-name authenticated
!
flow record sdwan_flow_record-005
 description flow and application visibility records
 match ipv4 destination address
 match ipv4 protocol
 match ipv4 source address
 match routing vrf service
 match transport destination-port
 match transport source-port
 collect application name
 collect connection id long
 collect counter bytes long
 collect counter bytes sdwan dropped long
 collect counter packets long
 collect counter packets sdwan dropped long
 collect flow sampler
 collect flow end-reason
 collect interface input
 collect interface output
 collect ipv4 dscp
 collect ipv4 dscp output
 collect ipv4 tos
 collect overlay session id input
 collect overlay session id output
 collect timestamp absolute first
 collect timestamp absolute last
 collect transport tcp flags
 collect drop cause id
 collect sdwan sla-not-met
 collect sdwan preferred-color-not-met
 collect sdwan qos-queue-id
!
!
flow exporter sdwan_flow_exporter_0
 description export flow and application visibility records to vManage
 destination local sdwan
 mtu 1280
 transport udp 5458
 export-protocol ipfix
 option drop-cause-table
!
!
flow exporter sdwan_flow_exporter_1
 description export flow records to collector
 destination 10.103.63.2 vrf 10
 mtu 1280
 transport udp 2055
 export-protocol ipfix
 template data timeout 90
 option interface-table timeout 90
 option sampler-table timeout 90
 option application-table timeout 90
 option application-attributes timeout 90
 option tunnel-tloc-table timeout 90
!
!
flow monitor sdwan_flow_monitor
 description monitor flows for vManage and external collectors
 exporter sdwan_flow_exporter_0
 exporter sdwan_flow_exporter_1
 cache timeout inactive 10
 cache timeout active 60
 cache entries 100
 record sdwan_flow_record-005
!
sampler sdwan_flow_sampler
 mode random 1 out-of 300
!
!
!
!
!
!
!
!
!
password encryption aes
!
!
crypto pki trustpoint SLA-TrustPoint
 enrollment pkcs12
 revocation-check crl
!
crypto pki trustpoint TP-self-signed-197169515
 enrollment selfsigned
 revocation-check crl
!
!
crypto pki certificate chain SLA-TrustPoint
crypto pki certificate chain TP-self-signed-197169515
!
!
!
performance monitor context CISCO-APP-MONITOR profile sdwan-performance
 description CISCO-APP-MONITOR
 mode optimized
 exporter destination 10.103.63.2 source GigabitEthernet0/0/1.5 transport udp vrf 10 port 2055
 traffic-monitor application-response-time
 traffic-monitor media
!
performance monitor apply CISCO-APP-MONITOR sdwan-tunnel
performance monitor sampling-rate 10
!
!
!
!
!
!
!
license udi pid C8200-1N-4T sn FGL2617LQLZ
license accept end user agreement
license boot level network-premier
memory free low-watermark processor 67460
!
diagnostic bootup level minimal
!
spanning-tree extend system-id
!
username netsupp privilege 15 secret 9 $9$2/MH2FEG2VQE1k$4vLrIMwTV8jdIPljWJOHcw4AZZSiKitFSqkWby7UMeo
!
redundancy
 mode none
!
!
!
!
no crypto ikev2 diagnose error
!
controller Cellular 0/2/0
!
!
vlan internal allocation policy ascending
!
lldp run
!
! 
!
!
!
!
!
!
!
!
!
!
!
!
!
!
! 
! 
!
!
interface Loopback0
 description *ANZ Management*
 vrf forwarding 10
 ip address 10.16.248.254 255.255.255.255
 ip mtu 1500
!
interface Loopback65528
 vrf forwarding 65528
 ip address 192.168.1.1 255.255.255.255
!
interface Tunnel20
 ip unnumbered Cellular0/2/0
 no ip redirects
 ip tcp adjust-mss 1300
 ipv6 unnumbered Cellular0/2/0
 no ipv6 redirects
 tunnel source Cellular0/2/0
 tunnel mode sdwan
!
interface Tunnel10000
 bandwidth 100000
 ip unnumbered Dialer100
 no ip redirects
 ip tcp adjust-mss 1300
 ipv6 unnumbered Dialer100
 no ipv6 redirects
 tunnel source Dialer100
 tunnel mode sdwan
!
interface GigabitEthernet0/0/0
 no ip address
 negotiation auto
!
interface GigabitEthernet0/0/0.10
 description *WAN Uplink to ONT*
 encapsulation dot1Q 10
 ip mtu 1488
 ip tcp adjust-mss 1300
 pppoe enable group global
 pppoe-client dial-pool-number 100
!
interface GigabitEthernet0/0/1
 description *Branch Switch S1*
 mtu 1504
 no ip address
 no ip redirects
 load-interval 30
 negotiation auto
 arp timeout 1200
!
interface GigabitEthernet0/0/1.5
 description *ANZ SDWAN Management*
 encapsulation dot1Q 5
 vrf forwarding 10
 ip address 10.16.248.13 255.255.255.240
 ip mtu 1500
!
interface GigabitEthernet0/0/1.6
 description *ATM Ethernet Vlan*
 encapsulation dot1Q 6
 vrf forwarding 10
 ip address 10.16.248.22 255.255.255.248
 ip mtu 1500
 arp timeout 1200
!
interface GigabitEthernet0/0/1.7
 description *PACOM Security Vlan*
 encapsulation dot1Q 7
 vrf forwarding 10
 ip address 10.16.248.30 255.255.255.248
 ip mtu 1500
 arp timeout 1200
!
interface GigabitEthernet0/0/1.10
 description *User VLAN1*
 encapsulation dot1Q 10
 vrf forwarding 10
 ip address 10.16.249.254 255.255.255.0
 ip helper-address 10.104.133.2
 ip helper-address 10.104.133.21
 ip helper-address 10.105.133.21
 ip helper-address 10.105.248.99
 ip mtu 1500
 arp timeout 1200
!
interface GigabitEthernet0/0/1.111
 description *NVR Client VLAN*
 encapsulation dot1Q 111
 vrf forwarding 10
 ip address 10.16.248.222 255.255.255.224
 ip mtu 1500
 arp timeout 1200
!
interface GigabitEthernet0/0/1.112
 description *NVR Camera VLAN*
 encapsulation dot1Q 112
 vrf forwarding 10
 ip address 10.16.248.126 255.255.255.192
 ip mtu 1500
 arp timeout 1200
!
interface GigabitEthernet0/0/1.113
 description *i-Patch_Vlan*
 encapsulation dot1Q 113
 vrf forwarding 10
 ip address 10.16.248.46 255.255.255.240
 ip mtu 1500
 arp timeout 1200
!
interface GigabitEthernet0/0/1.300
 description *AV_Vlan*
 encapsulation dot1Q 300
 vrf forwarding 10
 ip address 10.16.248.158 255.255.255.240
 ip mtu 1500
 arp timeout 1200
!
interface GigabitEthernet0/0/1.400
 description *Digital Signage VLAN*
 encapsulation dot1Q 400
 vrf forwarding 10
 ip address 10.16.248.62 255.255.255.240
 ip helper-address 10.104.133.21
 ip helper-address 10.105.133.21
 ip helper-address 10.105.248.99
 ip mtu 1500
 arp timeout 1200
!
interface GigabitEthernet0/0/1.600
 description *VOICE VLAN1*
 encapsulation dot1Q 600
 vrf forwarding 10
 ip address 10.16.250.254 255.255.255.0
 ip helper-address 10.104.133.21
 ip helper-address 10.105.133.21
 ip helper-address 10.105.248.99
 ip mtu 1500
 arp timeout 1200
!
interface GigabitEthernet0/0/1.800
 description *ANZWLAN Corporate Users*
 encapsulation dot1Q 800
 vrf forwarding 10
 ip address 10.16.251.254 255.255.255.0
 ip helper-address 10.104.133.21
 ip helper-address 10.105.133.21
 ip helper-address 10.105.248.99
 ip mtu 1500
 arp timeout 1200
!
interface GigabitEthernet0/0/1.955
 description *Wireless APs*
 encapsulation dot1Q 955
 vrf forwarding 10
 ip address 10.16.248.142 255.255.255.240
 ip helper-address 10.104.133.1
 ip helper-address 10.104.133.21
 ip helper-address 10.105.133.1
 ip helper-address 10.105.133.21
 ip helper-address 10.105.248.99
 ip mtu 1500
 arp timeout 1200
!
interface GigabitEthernet0/0/2
 no ip address
 negotiation auto
!
interface GigabitEthernet0/0/3
 no ip address
 negotiation auto
!
interface GigabitEthernet0/1/0
!
interface GigabitEthernet0/1/1
!
interface GigabitEthernet0/1/2
!
interface GigabitEthernet0/1/3
!
interface GigabitEthernet0/1/4
!
interface GigabitEthernet0/1/5
!
interface GigabitEthernet0/1/6
!
interface GigabitEthernet0/1/7
!
interface Cellular0/2/0
 description *LTE Backup Interface*
 ip address negotiated
 ip mtu 1428
 ip tcp adjust-mss 1300
!
interface Cellular0/2/1
 no ip address
!
interface Vlan1
 no ip address
!
interface Dialer100
 mtu 1492
 ip address negotiated
 ip mtu 1488
 encapsulation ppp
 ip tcp adjust-mss 1300
 dialer pool 100
 ppp authentication chap pap callin
 ppp chap hostname user@spark.co.nz
 ppp chap password 7 111918160405041E00
 ppp pap sent-username user@spark.co.nz password 7 105E080A16001D1908
 ppp ipcp route default
!
router omp
!
no ip http server
no ip http secure-server
ip forward-protocol nd
no ip ftp passive
ip ftp source-interface Loopback0
ip tftp source-interface Loopback0
ip nat settings central-policy
ip nat settings gatekeeper-size 1024
ip nat route vrf 65528 0.0.0.0 0.0.0.0 global
no ip nat service H225
no ip nat service ras
no ip nat service rtsp udp
no ip nat service rtsp tcp
no ip nat service netbios-ns tcp
no ip nat service netbios-ns udp
no ip nat service netbios-ssn
no ip nat service netbios-dgm
no ip nat service ldap
no ip nat service sunrpc udp
no ip nat service sunrpc tcp
no ip nat service msrpc tcp
no ip nat service tftp
no ip nat service rcmd
no ip nat service pptp
ip route 0.0.0.0 0.0.0.0 Cellular0/2/0
ip route 0.0.0.0 0.0.0.0 Dialer100
ip ssh time-out 60
ip ssh version 2
ip scp server enable
!
ip visibility global flow monitor sdwan_flow_monitor sampler sdwan_flow_sampler input
ip visibility policy flow monitor sdwan_flow_monitor sampler sdwan_flow_sampler input
!
!
logging source-interface Loopback0 vrf 10
logging host 10.103.63.1 vrf 10
logging host 10.103.63.2 vrf 10
logging host 10.105.248.201 vrf 10 transport udp port 10558
!
snmp-server community 6 ^gDZTi]gUBbGfF[VdaBW_A_]GRcEYFNBIGdGNOaAAB  RO
snmp-server trap-source Loopback0
snmp-server location Gisborne Branch, IDL 01670026400, WAN IP 219.88.74.58
snmp-server contact nzimnetworkservices@anz.com 0800 080661
snmp-server enable traps snmp authentication linkdown linkup coldstart warmstart
snmp-server enable traps vrrp
snmp-server enable traps pfr
snmp-server enable traps flowmon
snmp-server enable traps ds1
snmp-server enable traps entity-perf throughput-notif
snmp-server enable traps sdwan security policy system omp
snmp-server enable traps ds3
snmp-server enable traps call-home message-send-fail server-fail
snmp-server enable traps tty
snmp-server enable traps eigrp
snmp-server enable traps ospf state-change
snmp-server enable traps ospf errors
snmp-server enable traps ospf retransmit
snmp-server enable traps ospf lsa
snmp-server enable traps ospf cisco-specific state-change nssa-trans-change
snmp-server enable traps ospf cisco-specific state-change shamlink interface
snmp-server enable traps ospf cisco-specific state-change shamlink neighbor
snmp-server enable traps ospf cisco-specific errors
snmp-server enable traps ospf cisco-specific retransmit
snmp-server enable traps ospf cisco-specific lsa
snmp-server enable traps casa
snmp-server enable traps xgcp
snmp-server enable traps license
snmp-server enable traps smart-license
snmp-server enable traps cef resource-failure peer-state-change peer-fib-state-change inconsistency
snmp-server enable traps memory bufferpeak
snmp-server enable traps config-copy
snmp-server enable traps config
snmp-server enable traps config-ctid
snmp-server enable traps dhcp
snmp-server enable traps dsp card-status
snmp-server enable traps dsp oper-state
snmp-server enable traps dsp video-usage
snmp-server enable traps dsp video-out-of-resource
snmp-server enable traps fru-ctrl
snmp-server enable traps entity
snmp-server enable traps event-manager
snmp-server enable traps vrrpv3
snmp-server enable traps frame-relay multilink bundle-mismatch
snmp-server enable traps frame-relay
snmp-server enable traps frame-relay subif
snmp-server enable traps hsrp
snmp-server enable traps pimstdmib neighbor-loss invalid-register invalid-join-prune rp-mapping-change interface-election
snmp-server enable traps ipmulticast
snmp-server enable traps isis
snmp-server enable traps ip local pool
snmp-server enable traps msdp
snmp-server enable traps mvpn
snmp-server enable traps ospfv3 state-change
snmp-server enable traps ospfv3 errors
snmp-server enable traps pim neighbor-change rp-mapping-change invalid-pim-message
snmp-server enable traps pppoe
snmp-server enable traps cpu threshold
snmp-server enable traps rsvp
snmp-server enable traps syslog
snmp-server enable traps l2tun session
snmp-server enable traps l2tun pseudowire status
snmp-server enable traps aaa_server
snmp-server enable traps atm subif
snmp-server enable traps pki
snmp-server enable traps ethernet evc status create delete
snmp-server enable traps ether-oam
snmp-server enable traps ethernet cfm cc mep-up mep-down cross-connect loop config
snmp-server enable traps ethernet cfm crosscheck mep-missing mep-unknown service-up
snmp-server enable traps entity-state
snmp-server enable traps entity-qfp mem-res-thresh throughput-notif
snmp-server enable traps adslline
snmp-server enable traps vdsl2line
snmp-server enable traps entity-sensor
snmp-server enable traps flash insertion removal lowspace
snmp-server enable traps srp
snmp-server enable traps entity-diag boot-up-fail hm-test-recover hm-thresh-reached scheduled-test-fail
snmp-server enable traps isdn call-information
snmp-server enable traps isdn layer2
snmp-server enable traps isdn chan-not-avail
snmp-server enable traps isdn ietf
snmp-server enable traps cnpd
snmp-server enable traps mpls rfc ldp
snmp-server enable traps mpls ldp
snmp-server enable traps mpls rfc traffic-eng
snmp-server enable traps mpls traffic-eng
snmp-server enable traps mpls fast-reroute protected
snmp-server enable traps bfd
snmp-server enable traps bgp cbgp2
snmp-server enable traps nhrp nhs
snmp-server enable traps nhrp nhc
snmp-server enable traps nhrp nhp
snmp-server enable traps nhrp quota-exceeded
snmp-server enable traps otn
snmp-server enable traps pw vc
snmp-server enable traps ipsla
snmp-server enable traps sonet
snmp-server enable traps dlsw
snmp-server enable traps resource-policy
snmp-server enable traps lisp
snmp-server enable traps stpx inconsistency root-inconsistency loop-inconsistency
snmp-server enable traps dial
snmp-server enable traps c3g
snmp-server enable traps LTE
snmp-server enable traps vtp
snmp-server enable traps vlancreate
snmp-server enable traps vlandelete
snmp-server enable traps bridge newroot topologychange
snmp-server enable traps port-security
snmp-server enable traps auth-framework sec-violation
snmp-server enable traps ike policy add
snmp-server enable traps ike policy delete
snmp-server enable traps ike tunnel start
snmp-server enable traps ike tunnel stop
snmp-server enable traps ipsec cryptomap add
snmp-server enable traps ipsec cryptomap delete
snmp-server enable traps ipsec cryptomap attach
snmp-server enable traps ipsec cryptomap detach
snmp-server enable traps ipsec tunnel start
snmp-server enable traps ipsec tunnel stop
snmp-server enable traps ipsec too-many-sas
snmp-server enable traps gdoi gm-start-registration
snmp-server enable traps gdoi gm-registration-complete
snmp-server enable traps gdoi gm-re-register
snmp-server enable traps gdoi gm-rekey-rcvd
snmp-server enable traps gdoi gm-rekey-fail
snmp-server enable traps gdoi ks-rekey-pushed
snmp-server enable traps gdoi gm-incomplete-cfg
snmp-server enable traps gdoi ks-no-rsa-keys
snmp-server enable traps gdoi ks-new-registration
snmp-server enable traps gdoi ks-reg-complete
snmp-server enable traps gdoi ks-role-change
snmp-server enable traps gdoi ks-gm-deleted
snmp-server enable traps gdoi ks-peer-reachable
snmp-server enable traps gdoi ks-peer-unreachable
snmp-server enable traps firewall serverstatus
snmp-server enable traps bulkstat collection transfer
snmp-server enable traps alarms informational
snmp-server enable traps vrfmib vrf-up vrf-down vnet-trunk-up vnet-trunk-down
snmp-server enable traps ethernet cfm alarm
snmp-server enable traps rf
snmp-server enable traps transceiver all
snmp-server enable traps mpls vpn
snmp-server enable traps mpls rfc vpn
snmp-server enable traps voice
snmp-server enable traps ccme
snmp-server enable traps srst
snmp-server host 10.103.63.1 vrf 10 version 2c 6 NFR_[fOCGKPPIFiOfhXX^IS_UagPXFDMUb]NGWhAAB udp-port 161 
snmp-server host 10.103.63.2 vrf 10 version 2c 6 NFR_[fOCGKPPIFiOfhXX^IS_UagPXFDMUb]NGWhAAB udp-port 161 
snmp ifmib ifindex persist
!
!
!
!
!
control-plane
!
!
mgcp behavior rsip-range tgcp-only
mgcp behavior comedia-role none
mgcp behavior comedia-check-media-src disable
mgcp behavior comedia-sdp-force disable
!
mgcp profile default
!
!
!
!
!
banner login ^CNZ Network Services Authentication^C
banner motd ^CThis network, information about its components and information systems within it are CONFIDENTIAL to Australia and New Zealand Banking Group Limited ACN 005 357 522 (ANZ). Access to or use of this network by unauthorised people (including by 
NZ subsidiaries and their personnel) or for any other unauthorised purpose is STRICTLY PROHIBITED. This Router records and logs user IP addresses.^C
!
line con 0
 exec-timeout 15 0
 stopbits 1
line aux 0
line vty 0 4
 exec-timeout 15 0
 length 0
 transport input ssh
line vty 5 80
 exec-timeout 15 0
 transport input ssh
!
no network-clock revertive
call-home
 ! If contact email address in call-home is configured as sch-smart-licensing@cisco.com
 ! the email address configured in Cisco Smart License Portal will be used as contact email address to send SCH notifications.
 contact-email-addr sch-smart-licensing@cisco.com
 profile "CiscoTAC-1"
  active
  destination transport-method http
ntp source GigabitEthernet0/0/1.5
ntp server vrf 10 10.104.81.5
ntp server vrf 10 10.105.81.5
nat64 translation timeout udp 300
nat64 translation timeout tcp 3600
!
!
!
!
!
!
netconf-yang
netconf-yang feature candidate-datastore
end

ANZBGS10-IR01#
ANZBGS10-IR01#
ANZBGS10-IR01#
ANZBGS10-IR01#
ANZBGS10-IR01#
ANZBGS10-IR01#
ANZBGS10-IR01#
ANZBGS10-IR01#show ip bgp sum
ANZBGS10-IR01#show ip bgp summary 
% BGP not active

ANZBGS10-IR01#show ip bgp summary ?
  slow  Summary of slow-peer status
  |     Output modifiers
  <cr>  <cr>

ANZBGS10-IR01#show sd             
ANZBGS10-IR01#show sd-w
ANZBGS10-IR01#show run 
ANZBGS10-IR01#show running-config 
Building configuration...

Current configuration : 19091 bytes
!
! Last configuration change at 15:55:40 NZST Tue Aug 22 2023 by vmanage-admin
!
version 17.6
service tcp-keepalives-in
service tcp-keepalives-out
service timestamps debug datetime msec
service timestamps log datetime msec localtime show-timezone
service password-encryption
service call-home
platform qfp utilization monitor load 80
platform punt-keepalive disable-kernel-core
!
hostname ANZBGS10-IR01
!
boot-start-marker
boot-end-marker
!
!
vrf definition 10
 rd 1:10
 !
 address-family ipv4
  route-target export 1:10
  route-target import 1:10
 exit-address-family
 !
 address-family ipv6
 exit-address-family
!
vrf definition 65528
 !
 address-family ipv4
 exit-address-family
!
vrf definition Mgmt-intf
 description Management VPN 512
 rd 1:512
 !
 address-family ipv4
  route-target export 1:512
  route-target import 1:512
 exit-address-family
 !
 address-family ipv6
 exit-address-family
!
logging buffered 512000
logging persistent size 104857600 filesize 10485760
no logging console
no logging monitor
!
aaa new-model
!
!
aaa group server tacacs+ tacacs-10
 server-private 10.100.3.71 key 6 Sa[ZGD^idCd^PK_SKRObMVW_d_DWPVQ]VASBQSO
 server-private 10.100.131.71 key 6 baCWAhMMMEcJDdfMPRC^[AKKKNBCaIbYgH^hRCN
 ip vrf forwarding 10
 ip tacacs source-interface Loopback0
!
aaa authentication login default group tacacs-10 local
aaa authorization exec default group tacacs-10 local 
!
!
!
!
!
aaa server radius dynamic-author
!
aaa session-id common
clock timezone NZST 12 0
clock summer-time nzdt recurring last Sun Sep 2:00 1 Sun Apr 3:00
fhrp version vrrp v3
ip arp proxy disable
!
!
!
!
!
!
!
ip host nz-corpmgmt-vbd 210.55.246.166 210.55.246.181
no ip domain lookup
ip domain name net.anznb.co.nz
ip cef load-sharing algorithm include-ports source destination
no ip dhcp use class
!
!
!
login on-success log
ipv6 unicast-routing
ipv6 cef load-sharing algorithm include-ports source destination
!
!
!
!
!
!
!
subscriber templating
! 
! 
! 
! 
!
!
multilink bundle-name authenticated
!
flow record sdwan_flow_record-005
 description flow and application visibility records
 match ipv4 destination address
 match ipv4 protocol
 match ipv4 source address
 match routing vrf service
 match transport destination-port
 match transport source-port
 collect application name
 collect connection id long
 collect counter bytes long
 collect counter bytes sdwan dropped long
 collect counter packets long
 collect counter packets sdwan dropped long
 collect flow sampler
 collect flow end-reason
 collect interface input
 collect interface output
 collect ipv4 dscp
 collect ipv4 dscp output
 collect ipv4 tos
 collect overlay session id input
 collect overlay session id output
 collect timestamp absolute first
 collect timestamp absolute last
 collect transport tcp flags
 collect drop cause id
 collect sdwan sla-not-met
 collect sdwan preferred-color-not-met
 collect sdwan qos-queue-id
!
!
flow exporter sdwan_flow_exporter_0
 description export flow and application visibility records to vManage
 destination local sdwan
 mtu 1280
 transport udp 5458
 export-protocol ipfix
 option drop-cause-table
!
!
flow exporter sdwan_flow_exporter_1
 description export flow records to collector
 destination 10.103.63.2 vrf 10
 mtu 1280
 transport udp 2055
 export-protocol ipfix
 template data timeout 90
 option interface-table timeout 90
 option sampler-table timeout 90
 option application-table timeout 90
 option application-attributes timeout 90
 option tunnel-tloc-table timeout 90
!
!
flow monitor sdwan_flow_monitor
 description monitor flows for vManage and external collectors
 exporter sdwan_flow_exporter_0
 exporter sdwan_flow_exporter_1
 cache timeout inactive 10
 cache timeout active 60
 cache entries 100
 record sdwan_flow_record-005
!
sampler sdwan_flow_sampler
 mode random 1 out-of 300
!
!
!
!
!
!
!
!
!
password encryption aes
!
!
crypto pki trustpoint SLA-TrustPoint
 enrollment pkcs12
 revocation-check crl
!
crypto pki trustpoint TP-self-signed-197169515
 enrollment selfsigned
 revocation-check crl
!
!
crypto pki certificate chain SLA-TrustPoint
crypto pki certificate chain TP-self-signed-197169515
!
!
!
performance monitor context CISCO-APP-MONITOR profile sdwan-performance
 description CISCO-APP-MONITOR
 mode optimized
 exporter destination 10.103.63.2 source GigabitEthernet0/0/1.5 transport udp vrf 10 port 2055
 traffic-monitor application-response-time
 traffic-monitor media
!
performance monitor apply CISCO-APP-MONITOR sdwan-tunnel
performance monitor sampling-rate 10
!
!
!
!
!
!
!
license udi pid C8200-1N-4T sn FGL2617LQLZ
license accept end user agreement
license boot level network-premier
memory free low-watermark processor 67460
!
diagnostic bootup level minimal
!
spanning-tree extend system-id
!
username netsupp privilege 15 secret 9 $9$2/MH2FEG2VQE1k$4vLrIMwTV8jdIPljWJOHcw4AZZSiKitFSqkWby7UMeo
!
redundancy
 mode none
!
!
!
!
no crypto ikev2 diagnose error
!
controller Cellular 0/2/0
!
!
vlan internal allocation policy ascending
!
lldp run
!
! 
!
!
!
!
!
!
!
!
!
!
!
!
!
!
! 
! 
!
!
interface Loopback0
 description *ANZ Management*
 vrf forwarding 10
 ip address 10.16.248.254 255.255.255.255
 ip mtu 1500
!
interface Loopback65528
 vrf forwarding 65528
 ip address 192.168.1.1 255.255.255.255
!
interface Tunnel20
 ip unnumbered Cellular0/2/0
 no ip redirects
 ip tcp adjust-mss 1300
 ipv6 unnumbered Cellular0/2/0
 no ipv6 redirects
 tunnel source Cellular0/2/0
 tunnel mode sdwan
!
interface Tunnel10000
 bandwidth 100000
 ip unnumbered Dialer100
 no ip redirects
 ip tcp adjust-mss 1300
 ipv6 unnumbered Dialer100
 no ipv6 redirects
 tunnel source Dialer100
 tunnel mode sdwan
!
interface GigabitEthernet0/0/0
 no ip address
 negotiation auto
!
interface GigabitEthernet0/0/0.10
 description *WAN Uplink to ONT*
 encapsulation dot1Q 10
 ip mtu 1488
 ip tcp adjust-mss 1300
 pppoe enable group global
 pppoe-client dial-pool-number 100
!
interface GigabitEthernet0/0/1
 description *Branch Switch S1*
 mtu 1504
 no ip address
 no ip redirects
 load-interval 30
 negotiation auto
 arp timeout 1200
!
interface GigabitEthernet0/0/1.5
 description *ANZ SDWAN Management*
 encapsulation dot1Q 5
 vrf forwarding 10
 ip address 10.16.248.13 255.255.255.240
 ip mtu 1500
!
interface GigabitEthernet0/0/1.6
 description *ATM Ethernet Vlan*
 encapsulation dot1Q 6
 vrf forwarding 10
 ip address 10.16.248.22 255.255.255.248
 ip mtu 1500
 arp timeout 1200
!
interface GigabitEthernet0/0/1.7
 description *PACOM Security Vlan*
 encapsulation dot1Q 7
 vrf forwarding 10
 ip address 10.16.248.30 255.255.255.248
 ip mtu 1500
 arp timeout 1200
!
interface GigabitEthernet0/0/1.10
 description *User VLAN1*
 encapsulation dot1Q 10
 vrf forwarding 10
 ip address 10.16.249.254 255.255.255.0
 ip helper-address 10.104.133.2
 ip helper-address 10.104.133.21
 ip helper-address 10.105.133.21
 ip helper-address 10.105.248.99
 ip mtu 1500
 arp timeout 1200
!
interface GigabitEthernet0/0/1.111
 description *NVR Client VLAN*
 encapsulation dot1Q 111
 vrf forwarding 10
 ip address 10.16.248.222 255.255.255.224
 ip mtu 1500
 arp timeout 1200
!
interface GigabitEthernet0/0/1.112
 description *NVR Camera VLAN*
 encapsulation dot1Q 112
 vrf forwarding 10
 ip address 10.16.248.126 255.255.255.192
 ip mtu 1500
 arp timeout 1200
!
interface GigabitEthernet0/0/1.113
 description *i-Patch_Vlan*
 encapsulation dot1Q 113
 vrf forwarding 10
 ip address 10.16.248.46 255.255.255.240
 ip mtu 1500
 arp timeout 1200
!
interface GigabitEthernet0/0/1.300
 description *AV_Vlan*
 encapsulation dot1Q 300
 vrf forwarding 10
 ip address 10.16.248.158 255.255.255.240
 ip mtu 1500
 arp timeout 1200
!
interface GigabitEthernet0/0/1.400
 description *Digital Signage VLAN*
 encapsulation dot1Q 400
 vrf forwarding 10
 ip address 10.16.248.62 255.255.255.240
 ip helper-address 10.104.133.21
 ip helper-address 10.105.133.21
 ip helper-address 10.105.248.99
 ip mtu 1500
 arp timeout 1200
!
interface GigabitEthernet0/0/1.600
 description *VOICE VLAN1*
 encapsulation dot1Q 600
 vrf forwarding 10
 ip address 10.16.250.254 255.255.255.0
 ip helper-address 10.104.133.21
 ip helper-address 10.105.133.21
 ip helper-address 10.105.248.99
 ip mtu 1500
 arp timeout 1200
!
interface GigabitEthernet0/0/1.800
 description *ANZWLAN Corporate Users*
 encapsulation dot1Q 800
 vrf forwarding 10
 ip address 10.16.251.254 255.255.255.0
 ip helper-address 10.104.133.21
 ip helper-address 10.105.133.21
 ip helper-address 10.105.248.99
 ip mtu 1500
 arp timeout 1200
!
interface GigabitEthernet0/0/1.955
 description *Wireless APs*
 encapsulation dot1Q 955
 vrf forwarding 10
 ip address 10.16.248.142 255.255.255.240
 ip helper-address 10.104.133.1
 ip helper-address 10.104.133.21
 ip helper-address 10.105.133.1
 ip helper-address 10.105.133.21
 ip helper-address 10.105.248.99
 ip mtu 1500
 arp timeout 1200
!
interface GigabitEthernet0/0/2
 no ip address
 negotiation auto
!
interface GigabitEthernet0/0/3
 no ip address
 negotiation auto
!
interface GigabitEthernet0/1/0
!
interface GigabitEthernet0/1/1
!
interface GigabitEthernet0/1/2
!
interface GigabitEthernet0/1/3
!
interface GigabitEthernet0/1/4
!
interface GigabitEthernet0/1/5
!
interface GigabitEthernet0/1/6
!
interface GigabitEthernet0/1/7
!
interface Cellular0/2/0
 description *LTE Backup Interface*
 ip address negotiated
 ip mtu 1428
 ip tcp adjust-mss 1300
!
interface Cellular0/2/1
 no ip address
!
interface Vlan1
 no ip address
!
interface Dialer100
 mtu 1492
 ip address negotiated
 ip mtu 1488
 encapsulation ppp
 ip tcp adjust-mss 1300
 dialer pool 100
 ppp authentication chap pap callin
 ppp chap hostname user@spark.co.nz
 ppp chap password 7 111918160405041E00
 ppp pap sent-username user@spark.co.nz password 7 105E080A16001D1908
 ppp ipcp route default
!
router omp
!
no ip http server
no ip http secure-server
ip forward-protocol nd
no ip ftp passive
ip ftp source-interface Loopback0
ip tftp source-interface Loopback0
ip nat settings central-policy
ip nat settings gatekeeper-size 1024
ip nat route vrf 65528 0.0.0.0 0.0.0.0 global
no ip nat service H225
no ip nat service ras
no ip nat service rtsp udp
no ip nat service rtsp tcp
no ip nat service netbios-ns tcp
no ip nat service netbios-ns udp
no ip nat service netbios-ssn
no ip nat service netbios-dgm
no ip nat service ldap
no ip nat service sunrpc udp
no ip nat service sunrpc tcp
no ip nat service msrpc tcp
no ip nat service tftp
no ip nat service rcmd
no ip nat service pptp
ip route 0.0.0.0 0.0.0.0 Cellular0/2/0
ip route 0.0.0.0 0.0.0.0 Dialer100
ip ssh time-out 60
ip ssh version 2
ip scp server enable
!
ip visibility global flow monitor sdwan_flow_monitor sampler sdwan_flow_sampler input
ip visibility policy flow monitor sdwan_flow_monitor sampler sdwan_flow_sampler input
!
!
logging source-interface Loopback0 vrf 10
logging host 10.103.63.1 vrf 10
logging host 10.103.63.2 vrf 10
logging host 10.105.248.201 vrf 10 transport udp port 10558
!
snmp-server community 6 ^gDZTi]gUBbGfF[VdaBW_A_]GRcEYFNBIGdGNOaAAB  RO
snmp-server trap-source Loopback0
snmp-server location Gisborne Branch, IDL 01670026400, WAN IP 219.88.74.58
snmp-server contact nzimnetworkservices@anz.com 0800 080661
snmp-server enable traps snmp authentication linkdown linkup coldstart warmstart
snmp-server enable traps vrrp
snmp-server enable traps pfr
snmp-server enable traps flowmon
snmp-server enable traps ds1
snmp-server enable traps entity-perf throughput-notif
snmp-server enable traps sdwan security policy system omp
snmp-server enable traps ds3
snmp-server enable traps call-home message-send-fail server-fail
snmp-server enable traps tty
snmp-server enable traps eigrp
snmp-server enable traps ospf state-change
snmp-server enable traps ospf errors
snmp-server enable traps ospf retransmit
snmp-server enable traps ospf lsa
snmp-server enable traps ospf cisco-specific state-change nssa-trans-change
snmp-server enable traps ospf cisco-specific state-change shamlink interface
snmp-server enable traps ospf cisco-specific state-change shamlink neighbor
snmp-server enable traps ospf cisco-specific errors
snmp-server enable traps ospf cisco-specific retransmit
snmp-server enable traps ospf cisco-specific lsa
snmp-server enable traps casa
snmp-server enable traps xgcp
snmp-server enable traps license
snmp-server enable traps smart-license
snmp-server enable traps cef resource-failure peer-state-change peer-fib-state-change inconsistency
snmp-server enable traps memory bufferpeak
snmp-server enable traps config-copy
snmp-server enable traps config
snmp-server enable traps config-ctid
snmp-server enable traps dhcp
snmp-server enable traps dsp card-status
snmp-server enable traps dsp oper-state
snmp-server enable traps dsp video-usage
snmp-server enable traps dsp video-out-of-resource
snmp-server enable traps fru-ctrl
snmp-server enable traps entity
snmp-server enable traps event-manager
snmp-server enable traps vrrpv3
snmp-server enable traps frame-relay multilink bundle-mismatch
snmp-server enable traps frame-relay
snmp-server enable traps frame-relay subif
snmp-server enable traps hsrp
snmp-server enable traps pimstdmib neighbor-loss invalid-register invalid-join-prune rp-mapping-change interface-election
snmp-server enable traps ipmulticast
snmp-server enable traps isis
snmp-server enable traps ip local pool
snmp-server enable traps msdp
snmp-server enable traps mvpn
snmp-server enable traps ospfv3 state-change
snmp-server enable traps ospfv3 errors
snmp-server enable traps pim neighbor-change rp-mapping-change invalid-pim-message
snmp-server enable traps pppoe
snmp-server enable traps cpu threshold
snmp-server enable traps rsvp
snmp-server enable traps syslog
snmp-server enable traps l2tun session
snmp-server enable traps l2tun pseudowire status
snmp-server enable traps aaa_server
snmp-server enable traps atm subif
snmp-server enable traps pki
snmp-server enable traps ethernet evc status create delete
snmp-server enable traps ether-oam
snmp-server enable traps ethernet cfm cc mep-up mep-down cross-connect loop config
snmp-server enable traps ethernet cfm crosscheck mep-missing mep-unknown service-up
snmp-server enable traps entity-state
snmp-server enable traps entity-qfp mem-res-thresh throughput-notif
snmp-server enable traps adslline
snmp-server enable traps vdsl2line
snmp-server enable traps entity-sensor
snmp-server enable traps flash insertion removal lowspace
snmp-server enable traps srp
snmp-server enable traps entity-diag boot-up-fail hm-test-recover hm-thresh-reached scheduled-test-fail
snmp-server enable traps isdn call-information
snmp-server enable traps isdn layer2
snmp-server enable traps isdn chan-not-avail
snmp-server enable traps isdn ietf
snmp-server enable traps cnpd
snmp-server enable traps mpls rfc ldp
snmp-server enable traps mpls ldp
snmp-server enable traps mpls rfc traffic-eng
snmp-server enable traps mpls traffic-eng
snmp-server enable traps mpls fast-reroute protected
snmp-server enable traps bfd
snmp-server enable traps bgp cbgp2
snmp-server enable traps nhrp nhs
snmp-server enable traps nhrp nhc
snmp-server enable traps nhrp nhp
snmp-server enable traps nhrp quota-exceeded
snmp-server enable traps otn
snmp-server enable traps pw vc
snmp-server enable traps ipsla
snmp-server enable traps sonet
snmp-server enable traps dlsw
snmp-server enable traps resource-policy
snmp-server enable traps lisp
snmp-server enable traps stpx inconsistency root-inconsistency loop-inconsistency
snmp-server enable traps dial
snmp-server enable traps c3g
snmp-server enable traps LTE
snmp-server enable traps vtp
snmp-server enable traps vlancreate
snmp-server enable traps vlandelete
snmp-server enable traps bridge newroot topologychange
snmp-server enable traps port-security
snmp-server enable traps auth-framework sec-violation
snmp-server enable traps ike policy add
snmp-server enable traps ike policy delete
snmp-server enable traps ike tunnel start
snmp-server enable traps ike tunnel stop
snmp-server enable traps ipsec cryptomap add
snmp-server enable traps ipsec cryptomap delete
snmp-server enable traps ipsec cryptomap attach
snmp-server enable traps ipsec cryptomap detach
snmp-server enable traps ipsec tunnel start
snmp-server enable traps ipsec tunnel stop
snmp-server enable traps ipsec too-many-sas
snmp-server enable traps gdoi gm-start-registration
snmp-server enable traps gdoi gm-registration-complete
snmp-server enable traps gdoi gm-re-register
snmp-server enable traps gdoi gm-rekey-rcvd
snmp-server enable traps gdoi gm-rekey-fail
snmp-server enable traps gdoi ks-rekey-pushed
snmp-server enable traps gdoi gm-incomplete-cfg
snmp-server enable traps gdoi ks-no-rsa-keys
snmp-server enable traps gdoi ks-new-registration
snmp-server enable traps gdoi ks-reg-complete
snmp-server enable traps gdoi ks-role-change
snmp-server enable traps gdoi ks-gm-deleted
snmp-server enable traps gdoi ks-peer-reachable
snmp-server enable traps gdoi ks-peer-unreachable
snmp-server enable traps firewall serverstatus
snmp-server enable traps bulkstat collection transfer
snmp-server enable traps alarms informational
snmp-server enable traps vrfmib vrf-up vrf-down vnet-trunk-up vnet-trunk-down
snmp-server enable traps ethernet cfm alarm
snmp-server enable traps rf
snmp-server enable traps transceiver all
snmp-server enable traps mpls vpn
snmp-server enable traps mpls rfc vpn
snmp-server enable traps voice
snmp-server enable traps ccme
snmp-server enable traps srst
snmp-server host 10.103.63.1 vrf 10 version 2c 6 NFR_[fOCGKPPIFiOfhXX^IS_UagPXFDMUb]NGWhAAB udp-port 161 
snmp-server host 10.103.63.2 vrf 10 version 2c 6 NFR_[fOCGKPPIFiOfhXX^IS_UagPXFDMUb]NGWhAAB udp-port 161 
snmp ifmib ifindex persist
!
!
!
!
!
control-plane
!
!
mgcp behavior rsip-range tgcp-only
mgcp behavior comedia-role none
mgcp behavior comedia-check-media-src disable
mgcp behavior comedia-sdp-force disable
!
mgcp profile default
!
!
!
!
!
banner login ^CNZ Network Services Authentication^C
banner motd ^CThis network, information about its components and information systems within it are CONFIDENTIAL to Australia and New Zealand Banking Group Limited ACN 005 357 522 (ANZ). Access to or use of this network by unauthorised people (including by 
NZ subsidiaries and their personnel) or for any other unauthorised purpose is STRICTLY PROHIBITED. This Router records and logs user IP addresses.^C
!
line con 0
 exec-timeout 15 0
 stopbits 1
line aux 0
line vty 0 4
 exec-timeout 15 0
 length 0
 transport input ssh
line vty 5 80
 exec-timeout 15 0
 transport input ssh
!
no network-clock revertive
call-home
 ! If contact email address in call-home is configured as sch-smart-licensing@cisco.com
 ! the email address configured in Cisco Smart License Portal will be used as contact email address to send SCH notifications.
 contact-email-addr sch-smart-licensing@cisco.com
 profile "CiscoTAC-1"
  active
  destination transport-method http
ntp source GigabitEthernet0/0/1.5
ntp server vrf 10 10.104.81.5
ntp server vrf 10 10.105.81.5
nat64 translation timeout udp 300
nat64 translation timeout tcp 3600
!
!
!
!
!
!
netconf-yang
netconf-yang feature candidate-datastore
end

